<?xml version="1.0" encoding="UTF-8"?>
<!-- Generated by org.testng.reporters.JUnitXMLReporter -->
<testsuite ignored="0" hostname="Hp_Blaster" failures="0" tests="5" name="Test" time="50.314" errors="0" timestamp="2024-05-19T23:56:26 IST">
  <testcase classname="com.qa.testcases.IndexPageTest" name="verifyLogo" time="0.169"/>
  <testcase classname="com.qa.testcases.IndexPageTest" name="verifyTitle" time="0.011"/>
  <testcase classname="com.qa.testcases.LoginPageTest" name="loginTest" time="2.924"/>
  <testcase classname="com.qa.testcases.HomePageTest" name="myAccountIsDisplayed" time="2.58"/>
  <testcase classname="com.qa.testcases.HomePageTest" name="validateWishList" time="3.193"/>
</testsuite> <!-- Test -->
