<?xml version="1.0" encoding="UTF-8"?>
<!-- Generated by org.testng.reporters.JUnitXMLReporter -->
<testsuite ignored="0" hostname="Hp_Blaster" failures="0" tests="5" name="Test" time="49.969" errors="0" timestamp="2024-05-19T23:58:34 IST">
  <testcase classname="com.qa.testcases.HomePageTest" name="myAccountIsDisplayed" time="3.383"/>
  <testcase classname="com.qa.testcases.HomePageTest" name="validateWishList" time="2.674"/>
  <testcase classname="com.qa.testcases.IndexPageTest" name="verifyLogo" time="0.081"/>
  <testcase classname="com.qa.testcases.IndexPageTest" name="verifyTitle" time="0.015"/>
  <testcase classname="com.qa.testcases.LoginPageTest" name="loginTest" time="2.949"/>
</testsuite> <!-- Test -->
