<?xml version="1.0" encoding="UTF-8"?>
<!-- Generated by org.testng.reporters.JUnitXMLReporter -->
<testsuite ignored="7" hostname="Hp_Blaster" failures="0" tests="3" name="Sanity testing" time="56.696" errors="0" timestamp="2024-06-01T12:59:25 IST">
  <testcase classname="com.qa.testcases.AddToCartTest" name="addToCartTest" time="4.486"/>
  <testcase classname="com.qa.testcases.AccountCreatePageTest" name="verifyCreateAccountPageTest" time="3.162"/>
  <testcase classname="com.qa.testcases.LoginPageTest" name="loginTest" time="2.7"/>
  <testcase classname="com.qa.testcases.SearchResultPageTest" name="productAvailabiltyTest" time="0.0">
    <ignored/>
  </testcase> <!-- productAvailabiltyTest -->
  <testcase classname="com.qa.testcases.HomePageTest" name="myAccountIsDisplayed" time="0.0">
    <ignored/>
  </testcase> <!-- myAccountIsDisplayed -->
  <testcase classname="com.qa.testcases.IndexPageTest" name="verifyLogo" time="0.0">
    <ignored/>
  </testcase> <!-- verifyLogo -->
  <testcase classname="com.qa.testcases.OrderPageTest" name="verifyTotalPrice" time="0.0">
    <ignored/>
  </testcase> <!-- verifyTotalPrice -->
  <testcase classname="com.qa.testcases.EndToEndTest" name="addToCartTest" time="0.0">
    <ignored/>
  </testcase> <!-- addToCartTest -->
  <testcase classname="com.qa.testcases.HomePageTest" name="validateWishList" time="0.0">
    <ignored/>
  </testcase> <!-- validateWishList -->
  <testcase classname="com.qa.testcases.IndexPageTest" name="verifyTitle" time="0.0">
    <ignored/>
  </testcase> <!-- verifyTitle -->
</testsuite> <!-- Sanity testing -->
