<?xml version="1.0" encoding="UTF-8"?>
<!-- Generated by org.testng.reporters.JUnitXMLReporter -->
<testsuite ignored="4" hostname="Hp_Blaster" failures="0" tests="6" name="Test" time="61.246" errors="0" timestamp="2024-05-29T13:01:51 IST">
  <testcase classname="com.qa.testcases.HomePageTest" name="myAccountIsDisplayed" time="3.275"/>
  <testcase classname="com.qa.testcases.HomePageTest" name="validateWishList" time="2.759"/>
  <testcase classname="com.qa.testcases.SearchResultPageTest" name="productAvailabiltyTest" time="1.394"/>
  <testcase classname="com.qa.testcases.IndexPageTest" name="verifyLogo" time="0.056"/>
  <testcase classname="com.qa.testcases.IndexPageTest" name="verifyTitle" time="0.008"/>
  <testcase classname="com.qa.testcases.LoginPageTest" name="loginTest" time="3.319"/>
  <testcase classname="com.qa.testcases.EndToEndTest" name="addToCartTest" time="0.0">
    <ignored/>
  </testcase> <!-- addToCartTest -->
  <testcase classname="com.qa.testcases.AddToCartTest" name="addToCartTest" time="0.0">
    <ignored/>
  </testcase> <!-- addToCartTest -->
  <testcase classname="com.qa.testcases.OrderPageTest" name="verifyTotalPrice" time="0.0">
    <ignored/>
  </testcase> <!-- verifyTotalPrice -->
  <testcase classname="com.qa.testcases.AccountCreatePageTest" name="verifyCreateAccountPageTest" time="0.0">
    <ignored/>
  </testcase> <!-- verifyCreateAccountPageTest -->
</testsuite> <!-- Test -->
