<?xml version="1.0" encoding="UTF-8"?>
<!-- Generated by org.testng.reporters.JUnitXMLReporter -->
<testsuite ignored="0" hostname="Hp_Blaster" failures="0" tests="10" name="Test" time="127.22" errors="0" timestamp="2024-05-28T22:45:57 IST">
  <testcase classname="com.qa.testcases.IndexPageTest" name="verifyLogo" time="0.148"/>
  <testcase classname="com.qa.testcases.IndexPageTest" name="verifyTitle" time="0.011"/>
  <testcase classname="com.qa.testcases.AccountCreatePageTest" name="verifyCreateAccountPageTest" time="2.798"/>
  <testcase classname="com.qa.testcases.LoginPageTest" name="loginTest" time="2.699"/>
  <testcase classname="com.qa.testcases.HomePageTest" name="myAccountIsDisplayed" time="2.76"/>
  <testcase classname="com.qa.testcases.HomePageTest" name="validateWishList" time="2.961"/>
  <testcase classname="com.qa.testcases.SearchResultPageTest" name="productAvailabiltyTest" time="1.286"/>
  <testcase classname="com.qa.testcases.OrderPageTest" name="verifyTotalPrice" time="5.331"/>
  <testcase classname="com.qa.testcases.AddToCartTest" name="addToCartTest" time="4.526"/>
  <testcase classname="com.qa.testcases.EndToEndTest" name="addToCartTest" time="17.992"/>
</testsuite> <!-- Test -->
