<?xml version="1.0" encoding="UTF-8"?>
<testng-results ignored="0" total="1" passed="1" failed="0" skipped="0">
  <reporter-output>
  </reporter-output>
  <suite started-at="2024-06-01T13:02:50 IST" name="Default suite" finished-at="2024-06-01T13:03:04 IST" duration-ms="14240">
    <groups>
      <group name="Sanity">
        <method signature="LoginPageTest.loginTest()[pri:0, instance:com.qa.testcases.LoginPageTest@55141def]" name="loginTest" class="com.qa.testcases.LoginPageTest"/>
      </group> <!-- Sanity -->
      <group name="Smoke">
        <method signature="LoginPageTest.loginTest()[pri:0, instance:com.qa.testcases.LoginPageTest@55141def]" name="loginTest" class="com.qa.testcases.LoginPageTest"/>
      </group> <!-- Smoke -->
    </groups>
    <test started-at="2024-06-01T13:02:50 IST" name="Default test" finished-at="2024-06-01T13:03:04 IST" duration-ms="14240">
      <class name="com.qa.testcases.LoginPageTest">
        <test-method is-config="true" signature="setup()[pri:0, instance:com.qa.testcases.LoginPageTest@55141def]" started-at="2024-06-01T13:02:50 IST" name="setup" finished-at="2024-06-01T13:02:59 IST" duration-ms="9665" status="PASS">
          <reporter-output>
          </reporter-output>
        </test-method> <!-- setup -->
        <test-method signature="loginTest()[pri:0, instance:com.qa.testcases.LoginPageTest@55141def]" started-at="2024-06-01T13:02:59 IST" name="loginTest" finished-at="2024-06-01T13:03:03 IST" duration-ms="3177" status="PASS">
          <reporter-output>
          </reporter-output>
        </test-method> <!-- loginTest -->
        <test-method is-config="true" signature="tearDown()[pri:0, instance:com.qa.testcases.LoginPageTest@55141def]" started-at="2024-06-01T13:03:03 IST" name="tearDown" finished-at="2024-06-01T13:03:04 IST" duration-ms="1338" status="PASS">
          <reporter-output>
          </reporter-output>
        </test-method> <!-- tearDown -->
      </class> <!-- com.qa.testcases.LoginPageTest -->
    </test> <!-- Default test -->
  </suite> <!-- Default suite -->
</testng-results>
